{
  "RSpec": {
    "coverage": {
      "/Users/student/projects/Battle2/Battle/spec/features/web_helpers.rb": [
        1,
        13,
        null,
        13,
        13,
        null,
        13,
        null,
        null,
        1,
        15,
        15,
        null
      ],
      "/Users/student/projects/Battle2/Battle/app.rb": [
        1,
        1,
        null,
        1,
        1,
        null,
        1,
        null,
        1,
        1,
        null,
        1,
        13,
        null,
        null,
        1,
        13,
        13,
        13,
        null,
        13,
        null,
        null,
        1,
        73,
        null,
        null,
        1,
        28,
        null,
        null,
        1,
        18,
        18,
        1,
        null,
        17,
        17,
        null,
        null,
        null,
        1,
        1,
        null,
        null,
        1,
        null,
        null
      ],
      "/Users/student/projects/Battle2/Battle/lib/game.rb": [
        1,
        null,
        1,
        null,
        1,
        null,
        1,
        18,
        18,
        18,
        18,
        null,
        null,
        1,
        73,
        null,
        null,
        1,
        18,
        null,
        null,
        1,
        19,
        null,
        null,
        1,
        19,
        11,
        null,
        8,
        null,
        null,
        null,
        1,
        20,
        null,
        null,
        null
      ],
      "/Users/student/projects/Battle2/Battle/lib/player.rb": [
        1,
        null,
        1,
        null,
        1,
        null,
        1,
        28,
        28,
        null,
        null,
        1,
        19,
        null,
        null,
        null
      ],
      "/Users/student/projects/Battle2/Battle/spec/features/enter_names_spec.rb": [
        1,
        1,
        null,
        1,
        null,
        1,
        1,
        1,
        null,
        null,
        null,
        null,
        1,
        null,
        1,
        1,
        1,
        null,
        null,
        1,
        null,
        1,
        2,
        null,
        null,
        null,
        null,
        1,
        null,
        1,
        1,
        1,
        null,
        null,
        1,
        1,
        1,
        1,
        null,
        null,
        1,
        1,
        1,
        1,
        1,
        null,
        null,
        null,
        null,
        1,
        null,
        1,
        1,
        2,
        null,
        null,
        1,
        1,
        1,
        2,
        null,
        null,
        null,
        null,
        1,
        null,
        1,
        1,
        2,
        null,
        null,
        1,
        1,
        1,
        1,
        2,
        null,
        null,
        null,
        null,
        1,
        null,
        1,
        1,
        1,
        null,
        null,
        1,
        1,
        1,
        1,
        null,
        null,
        null,
        null,
        1,
        null,
        1,
        1,
        null,
        1,
        11,
        1,
        null,
        1,
        null,
        null,
        null
      ],
      "/Users/student/projects/Battle2/Battle/spec/game_spec.rb": [
        1,
        null,
        1,
        null,
        6,
        6,
        6,
        null,
        1,
        5,
        5,
        5,
        null,
        null,
        5,
        2,
        null,
        null,
        1,
        1,
        1,
        1,
        null,
        null,
        null,
        1,
        1,
        1,
        1,
        null,
        null,
        null,
        1,
        1,
        4,
        4,
        null,
        null,
        null,
        1,
        1,
        1,
        null,
        null,
        1,
        1,
        null,
        null,
        null,
        null
      ],
      "/Users/student/projects/Battle2/Battle/spec/player_spec.rb": [
        1,
        null,
        1,
        null,
        2,
        2,
        null,
        1,
        1,
        1,
        null,
        null,
        null,
        1,
        1,
        4,
        null,
        null,
        null,
        null
      ]
    },
    "timestamp": 1578675371
  }
}
